16/11/2023 12:52:36 PM : root         : INFO     : test_Login_Test_01  : Execution Started >>
16/11/2023 12:52:40 PM : root         : INFO     : test_Login_Test_03  : Execution Started >>
16/11/2023 12:52:43 PM : root         : INFO     : test_Login_Test_04  : Execution Started >>
16/11/2023 12:52:47 PM : root         : INFO     : test_Login_Test_05  : Execution Started >>
16/11/2023 12:52:51 PM : root         : INFO     : test_user_role_Test_01  : Execution Started >>
16/11/2023 12:52:58 PM : root         : INFO     : test_user_role_Test_02  : Execution Started >>
16/11/2023 12:53:07 PM : root         : INFO     : test_user_role_Test_03  : Execution Started >>
16/11/2023 12:53:18 PM : root         : INFO     : test_user_role_Test_04  : Execution Started >>
16/11/2023 12:53:27 PM : root         : INFO     : test_user_role_Test_05  : Execution Started >>
16/11/2023 12:53:37 PM : root         : INFO     : test_user_role_Test_06  : Execution Started >>
16/11/2023 12:53:44 PM : root         : INFO     : test_Users_Test_01  : Execution Started >>
16/11/2023 12:53:52 PM : root         : INFO     : test_Users_Test_02  : Execution Started >>
16/11/2023 12:53:59 PM : root         : INFO     : test_Users_Test_03  : Execution Started >>
16/11/2023 12:54:07 PM : root         : INFO     : test_Users_Test_04  : Execution Started >>
16/11/2023 12:54:14 PM : root         : INFO     : test_Users_Test_06  : Execution Started >>
16/11/2023 12:54:18 PM : root         : INFO     : test_Users_Test_07  : Execution Started >>
16/11/2023 12:54:24 PM : root         : INFO     : test_Users_Test_08  : Execution Started >>
16/11/2023 12:54:31 PM : root         : INFO     : test_Users_Test_09  : Execution Started >>
16/11/2023 12:54:40 PM : root         : INFO     : test_Users_Test_10  : Execution Started >>
16/11/2023 12:54:47 PM : root         : INFO     : test_Users_Test_11  : Execution Started >>
16/11/2023 12:54:50 PM : root         : INFO     : test_Users_Test_12  : Execution Started >>
16/11/2023 12:54:52 PM : root         : INFO     : test_Users_Test_13  : Execution Started >>
16/11/2023 12:54:55 PM : root         : INFO     : test_Users_Test_14  : Execution Started >>
16/11/2023 12:54:57 PM : root         : INFO     : test_Users_Test_15  : Execution Started >>
16/11/2023 12:55:00 PM : root         : INFO     : test_Users_Test_16  : Execution Started >>
16/11/2023 12:55:02 PM : root         : INFO     : test_Users_Test_17  : Execution Started >>
16/11/2023 12:55:05 PM : root         : INFO     : test_Users_Test_18  : Execution Started >>
16/11/2023 12:55:12 PM : root         : INFO     : test_Users_Test_19  : Execution Started >>
16/11/2023 12:55:20 PM : root         : INFO     : test_Enrollment_Data_Test_01  : Execution Started >>
16/11/2023 12:55:23 PM : root         : INFO     : test_Enrollment_Data_Test_02  : Execution Started >>
16/11/2023 12:55:25 PM : root         : INFO     : test_Enrollment_Data_Test_03  : Execution Started >>
16/11/2023 12:55:28 PM : root         : INFO     : test_Enrollment_Group_Data_Test_01  : Execution Started >>
16/11/2023 12:55:30 PM : root         : INFO     : test_Enrollment_Group_Data_Test_02  : Execution Started >>
16/11/2023 12:55:33 PM : root         : INFO     : test_Enrollment_Group_Data_Test_03  : Execution Started >>
16/11/2023 12:55:35 PM : root         : INFO     : test_enrollment_group_Test_01  : Execution Started >>
16/11/2023 12:55:38 PM : root         : INFO     : test_enrollment_group_Test_02  : Execution Started >>
16/11/2023 12:55:41 PM : root         : INFO     : test_enrollment_group_Test_03  : Execution Started >>
16/11/2023 12:55:46 PM : root         : INFO     : test_enrollment_group_Test_04  : Execution Started >>
16/11/2023 12:55:50 PM : root         : INFO     : test_enrollment_group_Test_05  : Execution Started >>
16/11/2023 12:55:55 PM : root         : INFO     : test_enrollment_group_Test_06  : Execution Started >>
16/11/2023 12:55:59 PM : root         : INFO     : test_enrollment_group_Test_07  : Execution Started >>
16/11/2023 12:56:04 PM : root         : INFO     : test_enrollment_group_Test_08  : Execution Started >>
16/11/2023 12:56:09 PM : root         : INFO     : test_enrollment_group_Test_09  : Execution Started >>
16/11/2023 12:56:13 PM : root         : INFO     : test_enrollment_group_Test_10  : Execution Started >>
16/11/2023 12:56:18 PM : root         : INFO     : test_enrollment_group_Test_11  : Execution Started >>
16/11/2023 12:56:24 PM : root         : INFO     : test_detect_face_Test_01  : Execution Started >>
16/11/2023 12:56:31 PM : root         : INFO     : test_Notification_Groups_Test_01  : Execution Started >>
16/11/2023 12:56:34 PM : root         : INFO     : test_Notification_Groups_Test_02  : Execution Started >>
16/11/2023 12:56:36 PM : root         : INFO     : test_Notification_Groups_Test_03  : Execution Started >>
16/11/2023 12:56:39 PM : root         : INFO     : test_Notification_Groups_Test_04  : Execution Started >>
16/11/2023 12:56:42 PM : root         : INFO     : test_Notification_Groups_Test_05  : Execution Started >>
16/11/2023 12:56:44 PM : root         : INFO     : test_Notification_Groups_Test_06  : Execution Started >>
16/11/2023 12:56:47 PM : root         : INFO     : test_Notification_Groups_Test_07  : Execution Started >>
16/11/2023 12:56:50 PM : root         : INFO     : test_Notification_Groups_Test_08  : Execution Started >>
16/11/2023 12:56:52 PM : root         : INFO     : test_Notification_Groups_Test_09  : Execution Started >>
16/11/2023 12:56:55 PM : root         : INFO     : test_Notification_Groups_Test_10  : Execution Started >>
16/11/2023 12:56:58 PM : root         : INFO     : test_Account_Test_01  : Execution Started >>
16/11/2023 12:57:00 PM : root         : INFO     : test_Account_Test_02  : Execution Started >>
16/11/2023 12:57:03 PM : root         : INFO     : test_Account_Test_03  : Execution Started >>
16/11/2023 12:57:05 PM : root         : INFO     : test_notes_Test_01  : Execution Started >>
16/11/2023 12:57:11 PM : root         : INFO     : test_notes_Test_02  : Execution Started >>
16/11/2023 12:57:16 PM : root         : INFO     : test_notes_Test_03  : Execution Started >>
16/11/2023 12:57:22 PM : root         : INFO     : test_notes_Test_04  : Execution Started >>
16/11/2023 12:57:27 PM : root         : INFO     : test_notes_Test_05  : Execution Started >>
16/11/2023 12:57:32 PM : root         : INFO     : test_notes_Test_06  : Execution Started >>
16/11/2023 12:57:41 PM : root         : INFO     : test_notes_Test_07  : Execution Started >>
16/11/2023 12:57:48 PM : root         : INFO     : test_notes_Test_08  : Execution Started >>
16/11/2023 12:57:53 PM : root         : INFO     : test_notes_Test_09  : Execution Started >>
16/11/2023 12:57:59 PM : root         : INFO     : test_notes_Test_10  : Execution Started >>
16/11/2023 12:58:04 PM : root         : INFO     : test_notes_Test_11  : Execution Started >>
16/11/2023 12:58:13 PM : root         : INFO     : test_Zones_Test_01  : Execution Started >>
16/11/2023 12:58:16 PM : root         : INFO     : test_Zones_Test_01  : Execution Started >>
16/11/2023 12:58:18 PM : root         : INFO     : test_region_Test_01  : Execution Started >>
16/11/2023 12:58:22 PM : root         : INFO     : test_region_Test_02  : Execution Started >>
16/11/2023 12:58:27 PM : root         : INFO     : test_region_Test_03  : Execution Started >>
16/11/2023 12:58:32 PM : root         : INFO     : test_region_Test_04  : Execution Started >>
16/11/2023 12:58:38 PM : root         : INFO     : test_region_Test_05  : Execution Started >>
16/11/2023 12:58:42 PM : root         : INFO     : test_region_Test_06  : Execution Started >>
16/11/2023 12:58:49 PM : root         : INFO     : test_region_Test_07  : Execution Started >>
16/11/2023 12:58:55 PM : root         : INFO     : test_region_Test_08  : Execution Started >>
16/11/2023 12:58:58 PM : root         : INFO     : test_region_Test_09  : Execution Started >>
16/11/2023 12:59:06 PM : root         : INFO     : test_region_Test_10  : Execution Started >>
16/11/2023 12:59:13 PM : root         : INFO     : test_region_Test_11  : Execution Started >>
16/11/2023 12:59:21 PM : root         : INFO     : test_region_Test_12  : Execution Started >>
16/11/2023 12:59:28 PM : root         : INFO     : test_tags_Test_01  : Execution Started >>
16/11/2023 12:59:31 PM : root         : INFO     : test_tags_Test_02  : Execution Started >>
16/11/2023 12:59:34 PM : root         : INFO     : test_tags_Test_03  : Execution Started >>
16/11/2023 12:59:37 PM : root         : INFO     : test_tags_Test_04  : Execution Started >>
16/11/2023 12:59:41 PM : root         : INFO     : test_tags_Test_05  : Execution Started >>
16/11/2023 12:59:43 PM : root         : INFO     : test_visitor_search_Test_01  : Execution Started >>
16/11/2023 12:59:48 PM : root         : INFO     : test_visitor_search_Test_02  : Execution Started >>
16/11/2023 12:59:52 PM : root         : INFO     : test_visitor_search_Test_03  : Execution Started >>
16/11/2023 12:59:56 PM : root         : INFO     : test_visitor_search_Test_04  : Execution Started >>
16/11/2023 12:59:59 PM : root         : INFO     : test_visitor_search_Test_05  : Execution Started >>
16/11/2023 01:00:04 PM : root         : INFO     : test_visitor_search_Test_06  : Execution Started >>
16/11/2023 01:00:09 PM : root         : INFO     : test_visitor_search_Test_07  : Execution Started >>
16/11/2023 01:00:14 PM : root         : INFO     : test_visitor_search_Test_08  : Execution Started >>
16/11/2023 01:00:18 PM : root         : INFO     : test_visitor_search_Test_09  : Execution Started >>
16/11/2023 01:00:22 PM : root         : INFO     : test_visitor_search_Test_10  : Execution Started >>
16/11/2023 01:00:25 PM : root         : INFO     : test_visitor_search_Test_11  : Execution Started >>
16/11/2023 01:00:28 PM : root         : INFO     : test_visitor_search_Test_12  : Execution Started >>
16/11/2023 01:00:31 PM : root         : INFO     : test_identify_enroll_Test_01  : Execution Started >>
16/11/2023 01:00:39 PM : root         : INFO     : test_identify_enroll_Test_02  : Execution Started >>
16/11/2023 01:00:47 PM : root         : INFO     : test_identify_enroll_Test_03  : Execution Started >>
16/11/2023 01:00:55 PM : root         : INFO     : test_identify_enroll_Test_04  : Execution Started >>
16/11/2023 01:01:03 PM : root         : INFO     : test_identify_enroll_Test_05  : Execution Started >>
16/11/2023 01:01:12 PM : root         : INFO     : test_identify_enroll_Test_06  : Execution Started >>
16/11/2023 01:01:19 PM : root         : INFO     : test_identify_enroll_Test_07  : Execution Started >>
16/11/2023 01:01:27 PM : root         : INFO     : test_identify_enroll_Test_08  : Execution Started >>
16/11/2023 01:01:36 PM : root         : INFO     : test_identify_enroll_Test_09  : Execution Started >>
16/11/2023 01:01:43 PM : root         : INFO     : test_identify_enroll_Test_10  : Execution Started >>
16/11/2023 01:01:52 PM : root         : INFO     : test_identify_enroll_Test_11  : Execution Started >>
16/11/2023 01:02:02 PM : root         : INFO     : test_identify_enroll_Test_12  : Execution Started >>
16/11/2023 01:02:11 PM : root         : INFO     : test_identify_enroll_Test_13  : Execution Started >>
16/11/2023 01:02:19 PM : root         : INFO     : test_All_Module_Search_Test_01  : Execution Started >>
16/11/2023 01:02:24 PM : root         : INFO     : test_All_Module_Search_Test_02  : Execution Started >>
16/11/2023 01:02:26 PM : root         : INFO     : test_All_Module_Search_Test_03  : Execution Started >>
16/11/2023 01:02:32 PM : root         : INFO     : test_All_Module_Search_Test_04  : Execution Started >>
16/11/2023 01:02:37 PM : root         : INFO     : test_All_Module_Search_Test_05  : Execution Started >>
16/11/2023 01:02:42 PM : root         : INFO     : test_All_Module_Search_Test_06  : Execution Started >>
16/11/2023 01:02:46 PM : root         : INFO     : test_Account_Test_01  : Execution Started >>
16/11/2023 01:02:49 PM : root         : INFO     : test_Account_Test_02  : Execution Started >>
16/11/2023 01:02:53 PM : root         : INFO     : test_Account_Test_03  : Execution Started >>
16/11/2023 01:02:57 PM : root         : INFO     : test_Account_Test_04  : Execution Started >>
16/11/2023 01:03:00 PM : root         : INFO     : test_Account_Test_05  : Execution Started >>
16/11/2023 01:03:03 PM : root         : INFO     : test_integration_Test_01  : Execution Started >>
16/11/2023 01:03:08 PM : root         : INFO     : test_integration_Test_02  : Execution Started >>
16/11/2023 01:03:12 PM : root         : INFO     : test_integration_Test_03  : Execution Started >>
16/11/2023 01:03:16 PM : root         : INFO     : test_integration_Test_04  : Execution Started >>
16/11/2023 01:03:20 PM : root         : INFO     : test_integration_Test_04  : Execution Started >>
16/11/2023 01:03:24 PM : root         : INFO     : test_integration_Test_06  : Execution Started >>
