05/10/2023 04:54:42 PM : root         : INFO     : test_Account_Test_01  : Execution Started >>
05/10/2023 04:54:48 PM : root         : INFO     : test_Account_Test_02  : Execution Started >>
05/10/2023 04:54:56 PM : root         : INFO     : test_Account_Test_03  : Execution Started >>
05/10/2023 04:55:04 PM : root         : INFO     : test_enrollment_group_Test_01  : Execution Started >>
05/10/2023 04:55:09 PM : root         : INFO     : test_enrollment_group_Test_02  : Execution Started >>
05/10/2023 04:55:15 PM : root         : INFO     : test_enrollment_group_Test_03  : Execution Started >>
05/10/2023 04:55:27 PM : root         : INFO     : test_enrollment_group_Test_04  : Execution Started >>
05/10/2023 04:55:38 PM : root         : INFO     : test_enrollment_group_Test_05  : Execution Started >>
05/10/2023 04:55:45 PM : root         : INFO     : test_enrollment_group_Test_06  : Execution Started >>
05/10/2023 04:55:54 PM : root         : INFO     : test_enrollment_group_Test_07  : Execution Started >>
05/10/2023 04:56:03 PM : root         : INFO     : test_enrollment_group_Test_08  : Execution Started >>
05/10/2023 04:56:16 PM : root         : INFO     : test_enrollment_group_Test_09  : Execution Started >>
05/10/2023 04:56:25 PM : root         : INFO     : test_enrollment_group_Test_10  : Execution Started >>
05/10/2023 04:56:35 PM : root         : INFO     : test_enrollment_group_Test_11  : Execution Started >>
05/10/2023 04:56:50 PM : root         : INFO     : test_identify_enroll_Test_01  : Execution Started >>
05/10/2023 04:57:14 PM : root         : INFO     : test_identify_enroll_Test_02  : Execution Started >>
05/10/2023 04:57:34 PM : root         : INFO     : test_identify_enroll_Test_03  : Execution Started >>
05/10/2023 04:57:54 PM : root         : INFO     : test_identify_enroll_Test_04  : Execution Started >>
05/10/2023 04:58:14 PM : root         : INFO     : test_identify_enroll_Test_05  : Execution Started >>
05/10/2023 04:58:42 PM : root         : INFO     : test_identify_enroll_Test_06  : Execution Started >>
05/10/2023 04:59:12 PM : root         : INFO     : test_Login_Test_01  : Execution Started >>
05/10/2023 04:59:15 PM : root         : INFO     : test_Login_Test_02  : Execution Started >>
05/10/2023 04:59:17 PM : root         : INFO     : test_Login_Test_03  : Execution Started >>
05/10/2023 04:59:18 PM : root         : INFO     : test_Login_Test_04  : Execution Started >>
05/10/2023 04:59:23 PM : root         : INFO     : test_Login_Test_05  : Execution Started >>
05/10/2023 04:59:25 PM : root         : INFO     : test_notes_Test_01  : Execution Started >>
05/10/2023 04:59:31 PM : root         : INFO     : test_notes_Test_02  : Execution Started >>
05/10/2023 04:59:40 PM : root         : INFO     : test_notes_Test_03  : Execution Started >>
05/10/2023 04:59:51 PM : root         : INFO     : test_notes_Test_04  : Execution Started >>
05/10/2023 05:00:01 PM : root         : INFO     : test_Notification_Groups_Test_01  : Execution Started >>
05/10/2023 05:00:12 PM : root         : INFO     : test_Notification_Groups_Test_02  : Execution Started >>
05/10/2023 05:00:18 PM : root         : INFO     : test_Notification_Groups_Test_03  : Execution Started >>
05/10/2023 05:00:21 PM : root         : INFO     : test_Notification_Groups_Test_04  : Execution Started >>
05/10/2023 05:00:28 PM : root         : INFO     : test_Notification_Groups_Test_05  : Execution Started >>
05/10/2023 05:00:38 PM : root         : INFO     : test_Notification_Groups_Test_06  : Execution Started >>
05/10/2023 05:00:51 PM : root         : INFO     : test_Notification_Groups_Test_07  : Execution Started >>
05/10/2023 05:01:11 PM : root         : INFO     : test_Notification_Groups_Test_08  : Execution Started >>
05/10/2023 05:01:21 PM : root         : INFO     : test_Notification_Groups_Test_09  : Execution Started >>
05/10/2023 05:01:33 PM : root         : INFO     : test_Notification_Groups_Test_10  : Execution Started >>
05/10/2023 05:01:44 PM : root         : INFO     : test_Users_Test_01  : Execution Started >>
05/10/2023 05:01:53 PM : root         : INFO     : test_Users_Test_02  : Execution Started >>
05/10/2023 05:02:01 PM : root         : INFO     : test_Users_Test_03  : Execution Started >>
05/10/2023 05:02:10 PM : root         : INFO     : test_Users_Test_04  : Execution Started >>
05/10/2023 05:02:17 PM : root         : INFO     : test_Users_Test_06  : Execution Started >>
05/10/2023 05:02:23 PM : root         : INFO     : test_Users_Test_07  : Execution Started >>
05/10/2023 05:02:34 PM : root         : INFO     : test_Users_Test_08  : Execution Started >>
05/10/2023 05:02:49 PM : root         : INFO     : test_Users_Test_10  : Execution Started >>
05/10/2023 05:03:06 PM : root         : INFO     : test_Users_Test_11  : Execution Started >>
05/10/2023 05:03:09 PM : root         : INFO     : test_Users_Test_12  : Execution Started >>
05/10/2023 05:03:14 PM : root         : INFO     : test_Users_Test_13  : Execution Started >>
05/10/2023 05:03:20 PM : root         : INFO     : test_Users_Test_14  : Execution Started >>
05/10/2023 05:03:23 PM : root         : INFO     : test_Users_Test_15  : Execution Started >>
05/10/2023 05:03:26 PM : root         : INFO     : test_Users_Test_16  : Execution Started >>
05/10/2023 05:03:31 PM : root         : INFO     : test_Users_Test_17  : Execution Started >>
05/10/2023 05:03:36 PM : root         : INFO     : test_Users_Test_18  : Execution Started >>
05/10/2023 05:03:46 PM : root         : INFO     : test_Users_Test_19  : Execution Started >>
05/10/2023 05:03:56 PM : root         : INFO     : test_Zones_Test_01  : Execution Started >>
05/10/2023 05:03:59 PM : root         : INFO     : test_Zones_Test_01  : Execution Started >>
