04/10/2023 09:20:08 PM : root         : INFO     : test_Account_Test_01  : Execution Started >>
04/10/2023 09:20:12 PM : root         : INFO     : test_Account_Test_02  : Execution Started >>
04/10/2023 09:20:20 PM : root         : INFO     : test_Account_Test_03  : Execution Started >>
04/10/2023 09:20:26 PM : root         : INFO     : test_enrollment_group_Test_01  : Execution Started >>
04/10/2023 09:20:31 PM : root         : INFO     : test_enrollment_group_Test_02  : Execution Started >>
04/10/2023 09:20:34 PM : root         : INFO     : test_enrollment_group_Test_03  : Execution Started >>
04/10/2023 09:20:44 PM : root         : INFO     : test_enrollment_group_Test_04  : Execution Started >>
04/10/2023 09:20:55 PM : root         : INFO     : test_enrollment_group_Test_05  : Execution Started >>
04/10/2023 09:21:03 PM : root         : INFO     : test_enrollment_group_Test_06  : Execution Started >>
04/10/2023 09:21:11 PM : root         : INFO     : test_enrollment_group_Test_07  : Execution Started >>
04/10/2023 09:21:24 PM : root         : INFO     : test_enrollment_group_Test_08  : Execution Started >>
04/10/2023 09:21:39 PM : root         : INFO     : test_enrollment_group_Test_09  : Execution Started >>
04/10/2023 09:21:55 PM : root         : INFO     : test_enrollment_group_Test_10  : Execution Started >>
04/10/2023 09:22:05 PM : root         : INFO     : test_enrollment_group_Test_11  : Execution Started >>
04/10/2023 09:22:15 PM : root         : INFO     : test_identify_enroll_Test_01  : Execution Started >>
04/10/2023 09:22:34 PM : root         : INFO     : test_identify_enroll_Test_02  : Execution Started >>
04/10/2023 09:22:59 PM : root         : INFO     : test_identify_enroll_Test_03  : Execution Started >>
04/10/2023 09:23:20 PM : root         : INFO     : test_identify_enroll_Test_04  : Execution Started >>
04/10/2023 09:23:51 PM : root         : INFO     : test_identify_enroll_Test_05  : Execution Started >>
04/10/2023 09:24:15 PM : root         : INFO     : test_identify_enroll_Test_06  : Execution Started >>
04/10/2023 09:24:46 PM : root         : INFO     : test_Login_Test_01  : Execution Started >>
04/10/2023 09:24:48 PM : root         : INFO     : test_Login_Test_02  : Execution Started >>
04/10/2023 09:24:50 PM : root         : INFO     : test_Login_Test_03  : Execution Started >>
04/10/2023 09:24:52 PM : root         : INFO     : test_Login_Test_04  : Execution Started >>
04/10/2023 09:24:57 PM : root         : INFO     : test_Login_Test_05  : Execution Started >>
04/10/2023 09:25:00 PM : root         : INFO     : test_notes_Test_01  : Execution Started >>
04/10/2023 09:25:09 PM : root         : INFO     : test_notes_Test_02  : Execution Started >>
04/10/2023 09:25:20 PM : root         : INFO     : test_notes_Test_03  : Execution Started >>
04/10/2023 09:25:31 PM : root         : INFO     : test_notes_Test_04  : Execution Started >>
04/10/2023 09:25:40 PM : root         : INFO     : test_Notification_Groups_Test_01  : Execution Started >>
04/10/2023 09:25:52 PM : root         : INFO     : test_Notification_Groups_Test_02  : Execution Started >>
04/10/2023 09:25:58 PM : root         : INFO     : test_Notification_Groups_Test_03  : Execution Started >>
04/10/2023 09:26:02 PM : root         : INFO     : test_Notification_Groups_Test_04  : Execution Started >>
04/10/2023 09:26:10 PM : root         : INFO     : test_Notification_Groups_Test_05  : Execution Started >>
04/10/2023 09:26:22 PM : root         : INFO     : test_Notification_Groups_Test_06  : Execution Started >>
04/10/2023 09:26:37 PM : root         : INFO     : test_Notification_Groups_Test_07  : Execution Started >>
04/10/2023 09:26:59 PM : root         : INFO     : test_Notification_Groups_Test_08  : Execution Started >>
04/10/2023 09:27:11 PM : root         : INFO     : test_Notification_Groups_Test_09  : Execution Started >>
04/10/2023 09:27:21 PM : root         : INFO     : test_Notification_Groups_Test_10  : Execution Started >>
04/10/2023 09:27:34 PM : root         : INFO     : test_Users_Test_01  : Execution Started >>
04/10/2023 09:27:44 PM : root         : INFO     : test_Users_Test_02  : Execution Started >>
04/10/2023 09:27:54 PM : root         : INFO     : test_Users_Test_03  : Execution Started >>
04/10/2023 09:28:02 PM : root         : INFO     : test_Users_Test_04  : Execution Started >>
04/10/2023 09:28:09 PM : root         : INFO     : test_Users_Test_06  : Execution Started >>
04/10/2023 09:28:18 PM : root         : INFO     : test_Users_Test_07  : Execution Started >>
04/10/2023 09:28:31 PM : root         : INFO     : test_Users_Test_08  : Execution Started >>
04/10/2023 09:28:48 PM : root         : INFO     : test_Users_Test_10  : Execution Started >>
04/10/2023 09:29:08 PM : root         : INFO     : test_Users_Test_11  : Execution Started >>
04/10/2023 09:29:14 PM : root         : INFO     : test_Users_Test_12  : Execution Started >>
04/10/2023 09:29:25 PM : root         : INFO     : test_Users_Test_13  : Execution Started >>
04/10/2023 09:29:31 PM : root         : INFO     : test_Users_Test_14  : Execution Started >>
04/10/2023 09:29:35 PM : root         : INFO     : test_Users_Test_15  : Execution Started >>
04/10/2023 09:29:39 PM : root         : INFO     : test_Users_Test_16  : Execution Started >>
04/10/2023 09:29:43 PM : root         : INFO     : test_Users_Test_17  : Execution Started >>
04/10/2023 09:29:51 PM : root         : INFO     : test_Users_Test_18  : Execution Started >>
04/10/2023 09:30:01 PM : root         : INFO     : test_Users_Test_19  : Execution Started >>
04/10/2023 09:30:12 PM : root         : INFO     : test_Zones_Test_01  : Execution Started >>
04/10/2023 09:30:15 PM : root         : INFO     : test_Zones_Test_01  : Execution Started >>
