05/10/2023 08:41:42 PM : root         : INFO     : test_Account_Test_01  : Execution Started >>
05/10/2023 08:41:50 PM : root         : INFO     : test_Account_Test_02  : Execution Started >>
05/10/2023 08:42:02 PM : root         : INFO     : test_Account_Test_03  : Execution Started >>
05/10/2023 08:42:15 PM : root         : INFO     : test_enrollment_group_Test_01  : Execution Started >>
05/10/2023 08:42:23 PM : root         : INFO     : test_enrollment_group_Test_02  : Execution Started >>
05/10/2023 08:42:33 PM : root         : INFO     : test_enrollment_group_Test_03  : Execution Started >>
05/10/2023 08:42:45 PM : root         : INFO     : test_enrollment_group_Test_04  : Execution Started >>
05/10/2023 08:43:03 PM : root         : INFO     : test_enrollment_group_Test_05  : Execution Started >>
05/10/2023 08:43:14 PM : root         : INFO     : test_enrollment_group_Test_06  : Execution Started >>
05/10/2023 08:43:29 PM : root         : INFO     : test_enrollment_group_Test_07  : Execution Started >>
05/10/2023 08:43:45 PM : root         : INFO     : test_enrollment_group_Test_08  : Execution Started >>
05/10/2023 08:44:00 PM : root         : INFO     : test_enrollment_group_Test_09  : Execution Started >>
05/10/2023 08:44:21 PM : root         : INFO     : test_enrollment_group_Test_10  : Execution Started >>
05/10/2023 08:44:36 PM : root         : INFO     : test_enrollment_group_Test_11  : Execution Started >>
05/10/2023 08:44:55 PM : root         : INFO     : test_identify_enroll_Test_01  : Execution Started >>
05/10/2023 08:45:32 PM : root         : INFO     : test_identify_enroll_Test_02  : Execution Started >>
05/10/2023 08:46:01 PM : root         : INFO     : test_identify_enroll_Test_03  : Execution Started >>
05/10/2023 08:46:33 PM : root         : INFO     : test_identify_enroll_Test_04  : Execution Started >>
05/10/2023 08:47:04 PM : root         : INFO     : test_identify_enroll_Test_05  : Execution Started >>
05/10/2023 08:47:35 PM : root         : INFO     : actual_status_code = 500, expected_status_code = 200
05/10/2023 08:47:35 PM : root         : INFO     : actual_message = None, expected_message = None
05/10/2023 08:47:38 PM : root         : INFO     : test_identify_enroll_Test_06  : Execution Started >>
05/10/2023 08:48:22 PM : root         : INFO     : test_identify_enroll_Test_07  : Execution Started >>
05/10/2023 08:49:27 PM : root         : INFO     : test_identify_enroll_Test_08  : Execution Started >>
05/10/2023 08:49:59 PM : root         : INFO     : test_Login_Test_01  : Execution Started >>
05/10/2023 08:50:03 PM : root         : INFO     : test_Login_Test_02  : Execution Started >>
05/10/2023 08:50:09 PM : root         : INFO     : test_Login_Test_03  : Execution Started >>
05/10/2023 08:50:13 PM : root         : INFO     : test_Login_Test_04  : Execution Started >>
05/10/2023 08:50:22 PM : root         : INFO     : test_Login_Test_05  : Execution Started >>
05/10/2023 08:50:28 PM : root         : INFO     : test_notes_Test_01  : Execution Started >>
05/10/2023 08:50:39 PM : root         : INFO     : test_notes_Test_02  : Execution Started >>
05/10/2023 08:50:55 PM : root         : INFO     : test_notes_Test_03  : Execution Started >>
05/10/2023 08:51:19 PM : root         : INFO     : test_notes_Test_04  : Execution Started >>
05/10/2023 08:51:34 PM : root         : INFO     : test_notes_Test_05  : Execution Started >>
05/10/2023 08:51:48 PM : root         : INFO     : test_notes_Test_06  : Execution Started >>
05/10/2023 08:52:03 PM : root         : INFO     : test_notes_Test_07  : Execution Started >>
05/10/2023 08:52:19 PM : root         : INFO     : test_Notification_Groups_Test_01  : Execution Started >>
05/10/2023 08:52:36 PM : root         : INFO     : test_Notification_Groups_Test_02  : Execution Started >>
05/10/2023 08:52:49 PM : root         : INFO     : test_Notification_Groups_Test_03  : Execution Started >>
05/10/2023 08:53:02 PM : root         : INFO     : test_Notification_Groups_Test_04  : Execution Started >>
05/10/2023 08:53:15 PM : root         : INFO     : test_Notification_Groups_Test_05  : Execution Started >>
05/10/2023 08:53:32 PM : root         : INFO     : test_Notification_Groups_Test_06  : Execution Started >>
05/10/2023 08:53:53 PM : root         : INFO     : test_Notification_Groups_Test_07  : Execution Started >>
05/10/2023 08:54:20 PM : root         : INFO     : test_Notification_Groups_Test_08  : Execution Started >>
05/10/2023 08:54:36 PM : root         : INFO     : test_Notification_Groups_Test_09  : Execution Started >>
05/10/2023 08:54:56 PM : root         : INFO     : test_Notification_Groups_Test_10  : Execution Started >>
05/10/2023 08:55:13 PM : root         : INFO     : test_Users_Test_01  : Execution Started >>
05/10/2023 08:55:26 PM : root         : INFO     : test_Users_Test_02  : Execution Started >>
05/10/2023 08:55:39 PM : root         : INFO     : test_Users_Test_03  : Execution Started >>
05/10/2023 08:55:56 PM : root         : INFO     : test_Users_Test_04  : Execution Started >>
05/10/2023 08:56:10 PM : root         : INFO     : test_Users_Test_06  : Execution Started >>
05/10/2023 08:56:22 PM : root         : INFO     : test_Users_Test_07  : Execution Started >>
05/10/2023 08:56:44 PM : root         : INFO     : test_Users_Test_08  : Execution Started >>
05/10/2023 08:57:09 PM : root         : INFO     : test_Users_Test_10  : Execution Started >>
05/10/2023 08:57:40 PM : root         : INFO     : test_Users_Test_11  : Execution Started >>
05/10/2023 08:57:46 PM : root         : INFO     : test_Users_Test_12  : Execution Started >>
05/10/2023 08:57:58 PM : root         : INFO     : test_Users_Test_13  : Execution Started >>
05/10/2023 08:58:07 PM : root         : INFO     : test_Users_Test_14  : Execution Started >>
05/10/2023 08:58:14 PM : root         : INFO     : test_Users_Test_15  : Execution Started >>
05/10/2023 08:58:21 PM : root         : INFO     : test_Users_Test_16  : Execution Started >>
05/10/2023 08:58:28 PM : root         : INFO     : test_Users_Test_17  : Execution Started >>
05/10/2023 08:58:36 PM : root         : INFO     : test_Users_Test_18  : Execution Started >>
05/10/2023 08:58:52 PM : root         : INFO     : test_Users_Test_19  : Execution Started >>
05/10/2023 08:59:09 PM : root         : INFO     : test_Zones_Test_01  : Execution Started >>
05/10/2023 08:59:16 PM : root         : INFO     : test_Zones_Test_01  : Execution Started >>
