02/11/2023 05:44:23 PM : root         : INFO     : test_Account_Test_01  : Execution Started >>
02/11/2023 05:44:34 PM : root         : INFO     : test_Account_Test_02  : Execution Started >>
02/11/2023 05:44:51 PM : root         : INFO     : test_Account_Test_03  : Execution Started >>
02/11/2023 05:45:07 PM : root         : INFO     : test_All_Module_Search_Test_01  : Execution Started >>
02/11/2023 05:45:26 PM : root         : INFO     : test_All_Module_Search_Test_02  : Execution Started >>
02/11/2023 05:45:43 PM : root         : INFO     : test_All_Module_Search_Test_03  : Execution Started >>
02/11/2023 05:46:20 PM : root         : INFO     : test_All_Module_Search_Test_04  : Execution Started >>
02/11/2023 05:46:58 PM : root         : INFO     : test_All_Module_Search_Test_05  : Execution Started >>
02/11/2023 05:47:07 PM : root         : INFO     : test_All_Module_Search_Test_06  : Execution Started >>
02/11/2023 05:47:15 PM : root         : INFO     : test_Account_Test_01  : Execution Started >>
02/11/2023 05:47:22 PM : root         : INFO     : test_Account_Test_02  : Execution Started >>
02/11/2023 05:47:30 PM : root         : INFO     : test_Account_Test_03  : Execution Started >>
02/11/2023 05:47:37 PM : root         : INFO     : test_Account_Test_04  : Execution Started >>
02/11/2023 05:47:42 PM : root         : INFO     : test_Account_Test_05  : Execution Started >>
02/11/2023 05:47:47 PM : root         : INFO     : test_detect_face_Test_01  : Execution Started >>
02/11/2023 05:47:55 PM : root         : INFO     : test_Enrollment_Data_Test_01  : Execution Started >>
02/11/2023 05:48:02 PM : root         : INFO     : test_Enrollment_Data_Test_02  : Execution Started >>
02/11/2023 05:48:07 PM : root         : INFO     : test_Enrollment_Data_Test_03  : Execution Started >>
02/11/2023 05:48:12 PM : root         : INFO     : test_Enrollment_Group_Data_Test_01  : Execution Started >>
02/11/2023 05:48:19 PM : root         : INFO     : test_Enrollment_Group_Data_Test_02  : Execution Started >>
02/11/2023 05:48:23 PM : root         : INFO     : test_Enrollment_Group_Data_Test_03  : Execution Started >>
02/11/2023 05:48:28 PM : root         : INFO     : test_enrollment_group_Test_01  : Execution Started >>
02/11/2023 05:48:31 PM : root         : INFO     : test_enrollment_group_Test_02  : Execution Started >>
02/11/2023 05:48:37 PM : root         : INFO     : test_enrollment_group_Test_03  : Execution Started >>
02/11/2023 05:48:45 PM : root         : INFO     : test_enrollment_group_Test_04  : Execution Started >>
02/11/2023 05:48:54 PM : root         : INFO     : test_enrollment_group_Test_05  : Execution Started >>
02/11/2023 05:49:02 PM : root         : INFO     : test_enrollment_group_Test_06  : Execution Started >>
02/11/2023 05:49:12 PM : root         : INFO     : test_enrollment_group_Test_07  : Execution Started >>
02/11/2023 05:49:21 PM : root         : INFO     : test_enrollment_group_Test_08  : Execution Started >>
02/11/2023 05:49:32 PM : root         : INFO     : test_enrollment_group_Test_09  : Execution Started >>
02/11/2023 05:49:43 PM : root         : INFO     : test_enrollment_group_Test_10  : Execution Started >>
02/11/2023 05:49:53 PM : root         : INFO     : test_enrollment_group_Test_11  : Execution Started >>
02/11/2023 05:50:05 PM : root         : INFO     : test_identify_enroll_Test_01  : Execution Started >>
02/11/2023 05:50:25 PM : root         : INFO     : test_identify_enroll_Test_02  : Execution Started >>
02/11/2023 05:50:47 PM : root         : INFO     : test_identify_enroll_Test_03  : Execution Started >>
02/11/2023 05:51:09 PM : root         : INFO     : test_identify_enroll_Test_04  : Execution Started >>
02/11/2023 05:51:30 PM : root         : INFO     : test_identify_enroll_Test_05  : Execution Started >>
02/11/2023 05:51:52 PM : root         : INFO     : test_identify_enroll_Test_06  : Execution Started >>
02/11/2023 05:52:37 PM : root         : INFO     : test_identify_enroll_Test_07  : Execution Started >>
02/11/2023 05:53:19 PM : root         : INFO     : test_identify_enroll_Test_08  : Execution Started >>
02/11/2023 05:53:39 PM : root         : INFO     : test_identify_enroll_Test_09  : Execution Started >>
02/11/2023 05:53:58 PM : root         : INFO     : actual_status_code = 500, expected_status_code = 200
02/11/2023 05:53:58 PM : root         : INFO     : actual_message = None, expected_message = None
02/11/2023 05:53:59 PM : root         : INFO     : test_identify_enroll_Test_10  : Execution Started >>
02/11/2023 05:54:17 PM : root         : INFO     : actual_status_code = 404, expected_status_code = 200
02/11/2023 05:54:17 PM : root         : INFO     : actual_message = None, expected_message = None
02/11/2023 05:54:19 PM : root         : INFO     : test_identify_enroll_Test_11  : Execution Started >>
02/11/2023 05:54:27 PM : root         : INFO     : test_identify_enroll_Test_12  : Execution Started >>
02/11/2023 05:54:56 PM : root         : INFO     : test_identify_enroll_Test_13  : Execution Started >>
02/11/2023 05:55:16 PM : root         : INFO     : test_integration_Test_01  : Execution Started >>
02/11/2023 05:57:03 PM : root         : INFO     : test_Login_Test_01  : Execution Started >>
02/11/2023 05:57:06 PM : root         : INFO     : test_Login_Test_02  : Execution Started >>
02/11/2023 05:57:07 PM : root         : INFO     : test_Login_Test_03  : Execution Started >>
02/11/2023 05:57:10 PM : root         : INFO     : test_Login_Test_04  : Execution Started >>
02/11/2023 05:57:14 PM : root         : INFO     : test_Login_Test_05  : Execution Started >>
02/11/2023 05:57:17 PM : root         : INFO     : test_notes_Test_01  : Execution Started >>
02/11/2023 05:57:24 PM : root         : INFO     : test_notes_Test_02  : Execution Started >>
02/11/2023 05:57:34 PM : root         : INFO     : test_notes_Test_03  : Execution Started >>
02/11/2023 05:57:45 PM : root         : INFO     : test_notes_Test_04  : Execution Started >>
02/11/2023 05:57:55 PM : root         : INFO     : test_notes_Test_05  : Execution Started >>
02/11/2023 05:58:05 PM : root         : INFO     : test_notes_Test_06  : Execution Started >>
02/11/2023 05:58:15 PM : root         : INFO     : test_notes_Test_07  : Execution Started >>
02/11/2023 05:58:24 PM : root         : INFO     : test_notes_Test_08  : Execution Started >>
02/11/2023 05:58:36 PM : root         : INFO     : test_notes_Test_09  : Execution Started >>
02/11/2023 05:58:46 PM : root         : INFO     : test_notes_Test_10  : Execution Started >>
02/11/2023 05:58:58 PM : root         : INFO     : test_notes_Test_11  : Execution Started >>
02/11/2023 05:59:24 PM : root         : INFO     : test_Notification_Groups_Test_01  : Execution Started >>
02/11/2023 05:59:34 PM : root         : INFO     : test_Notification_Groups_Test_02  : Execution Started >>
02/11/2023 05:59:41 PM : root         : INFO     : test_Notification_Groups_Test_03  : Execution Started >>
02/11/2023 05:59:45 PM : root         : INFO     : test_Notification_Groups_Test_04  : Execution Started >>
02/11/2023 05:59:54 PM : root         : INFO     : test_Notification_Groups_Test_05  : Execution Started >>
02/11/2023 06:00:05 PM : root         : INFO     : test_Notification_Groups_Test_06  : Execution Started >>
02/11/2023 06:00:37 PM : root         : INFO     : test_Notification_Groups_Test_07  : Execution Started >>
02/11/2023 06:00:55 PM : root         : INFO     : test_Notification_Groups_Test_08  : Execution Started >>
02/11/2023 06:01:05 PM : root         : INFO     : test_Notification_Groups_Test_09  : Execution Started >>
02/11/2023 06:01:16 PM : root         : INFO     : test_Notification_Groups_Test_10  : Execution Started >>
02/11/2023 06:01:28 PM : root         : INFO     : test_region_Test_01  : Execution Started >>
02/11/2023 06:01:34 PM : root         : INFO     : test_region_Test_02  : Execution Started >>
02/11/2023 06:01:43 PM : root         : INFO     : test_region_Test_03  : Execution Started >>
02/11/2023 06:01:52 PM : root         : INFO     : test_region_Test_04  : Execution Started >>
02/11/2023 06:02:00 PM : root         : INFO     : test_region_Test_05  : Execution Started >>
02/11/2023 06:02:05 PM : root         : INFO     : actual_status_code = 500, expected_status_code = 200
02/11/2023 06:02:05 PM : root         : INFO     : actual_message = None, expected_message = None
02/11/2023 06:02:06 PM : root         : INFO     : test_region_Test_06  : Execution Started >>
02/11/2023 06:02:17 PM : root         : INFO     : test_region_Test_07  : Execution Started >>
02/11/2023 06:02:27 PM : root         : INFO     : test_region_Test_08  : Execution Started >>
02/11/2023 06:02:31 PM : root         : INFO     : test_region_Test_09  : Execution Started >>
02/11/2023 06:02:43 PM : root         : INFO     : test_region_Test_10  : Execution Started >>
02/11/2023 06:02:55 PM : root         : INFO     : test_region_Test_11  : Execution Started >>
02/11/2023 06:03:15 PM : root         : INFO     : test_region_Test_12  : Execution Started >>
02/11/2023 06:03:29 PM : root         : INFO     : test_tags_Test_01  : Execution Started >>
02/11/2023 06:03:34 PM : root         : INFO     : test_tags_Test_02  : Execution Started >>
02/11/2023 06:03:38 PM : root         : INFO     : test_tags_Test_03  : Execution Started >>
02/11/2023 06:03:47 PM : root         : INFO     : test_tags_Test_04  : Execution Started >>
02/11/2023 06:03:55 PM : root         : INFO     : test_tags_Test_05  : Execution Started >>
02/11/2023 06:04:00 PM : root         : INFO     : test_user_role_Test_01  : Execution Started >>
02/11/2023 06:04:05 PM : root         : INFO     : test_user_role_Test_02  : Execution Started >>
02/11/2023 06:04:14 PM : root         : INFO     : test_user_role_Test_03  : Execution Started >>
02/11/2023 06:04:24 PM : root         : INFO     : test_user_role_Test_04  : Execution Started >>
02/11/2023 06:04:34 PM : root         : INFO     : test_user_role_Test_05  : Execution Started >>
02/11/2023 06:04:42 PM : root         : INFO     : test_user_role_Test_06  : Execution Started >>
02/11/2023 06:04:47 PM : root         : INFO     : test_Users_Test_01  : Execution Started >>
02/11/2023 06:04:57 PM : root         : INFO     : test_Users_Test_02  : Execution Started >>
02/11/2023 06:05:06 PM : root         : INFO     : test_Users_Test_03  : Execution Started >>
02/11/2023 06:05:15 PM : root         : INFO     : test_Users_Test_04  : Execution Started >>
02/11/2023 06:05:24 PM : root         : INFO     : test_Users_Test_06  : Execution Started >>
02/11/2023 06:05:32 PM : root         : INFO     : test_Users_Test_07  : Execution Started >>
02/11/2023 06:05:43 PM : root         : INFO     : test_Users_Test_08  : Execution Started >>
02/11/2023 06:05:59 PM : root         : INFO     : test_Users_Test_09  : Execution Started >>
02/11/2023 06:06:11 PM : root         : INFO     : test_Users_Test_10  : Execution Started >>
02/11/2023 06:06:29 PM : root         : INFO     : test_Users_Test_11  : Execution Started >>
02/11/2023 06:06:33 PM : root         : INFO     : test_Users_Test_12  : Execution Started >>
02/11/2023 06:06:40 PM : root         : INFO     : test_Users_Test_13  : Execution Started >>
02/11/2023 06:06:46 PM : root         : INFO     : test_Users_Test_14  : Execution Started >>
02/11/2023 06:06:50 PM : root         : INFO     : test_Users_Test_15  : Execution Started >>
02/11/2023 06:06:54 PM : root         : INFO     : test_Users_Test_16  : Execution Started >>
02/11/2023 06:06:59 PM : root         : INFO     : test_Users_Test_17  : Execution Started >>
02/11/2023 06:07:05 PM : root         : INFO     : test_Users_Test_18  : Execution Started >>
02/11/2023 06:07:16 PM : root         : INFO     : test_Users_Test_19  : Execution Started >>
02/11/2023 06:07:27 PM : root         : INFO     : test_visitor_search_Test_01  : Execution Started >>
02/11/2023 06:07:34 PM : root         : INFO     : test_visitor_search_Test_02  : Execution Started >>
02/11/2023 06:07:44 PM : root         : INFO     : test_visitor_search_Test_03  : Execution Started >>
02/11/2023 06:07:52 PM : root         : INFO     : test_visitor_search_Test_04  : Execution Started >>
02/11/2023 06:07:57 PM : root         : INFO     : test_visitor_search_Test_05  : Execution Started >>
02/11/2023 06:08:08 PM : root         : INFO     : test_visitor_search_Test_06  : Execution Started >>
02/11/2023 06:08:16 PM : root         : INFO     : test_visitor_search_Test_07  : Execution Started >>
02/11/2023 06:08:26 PM : root         : INFO     : test_visitor_search_Test_08  : Execution Started >>
02/11/2023 06:08:34 PM : root         : INFO     : test_visitor_search_Test_09  : Execution Started >>
02/11/2023 06:08:42 PM : root         : INFO     : test_visitor_search_Test_10  : Execution Started >>
02/11/2023 06:08:46 PM : root         : INFO     : test_visitor_search_Test_11  : Execution Started >>
02/11/2023 06:08:51 PM : root         : INFO     : test_visitor_search_Test_12  : Execution Started >>
02/11/2023 06:08:56 PM : root         : INFO     : test_Zones_Test_01  : Execution Started >>
02/11/2023 06:09:00 PM : root         : INFO     : test_Zones_Test_01  : Execution Started >>
