05/10/2023 01:02:10 PM : root         : INFO     : test_Account_Test_01  : Execution Started >>
05/10/2023 01:02:18 PM : root         : INFO     : test_Account_Test_02  : Execution Started >>
05/10/2023 01:02:30 PM : root         : INFO     : test_Account_Test_03  : Execution Started >>
05/10/2023 01:02:40 PM : root         : INFO     : test_enrollment_group_Test_01  : Execution Started >>
05/10/2023 01:02:46 PM : root         : INFO     : test_enrollment_group_Test_02  : Execution Started >>
05/10/2023 01:02:56 PM : root         : INFO     : test_enrollment_group_Test_03  : Execution Started >>
05/10/2023 01:03:09 PM : root         : INFO     : test_enrollment_group_Test_04  : Execution Started >>
05/10/2023 01:03:21 PM : root         : INFO     : test_enrollment_group_Test_05  : Execution Started >>
05/10/2023 01:03:32 PM : root         : INFO     : test_enrollment_group_Test_06  : Execution Started >>
05/10/2023 01:03:46 PM : root         : INFO     : test_enrollment_group_Test_07  : Execution Started >>
05/10/2023 01:04:02 PM : root         : INFO     : test_enrollment_group_Test_08  : Execution Started >>
05/10/2023 01:04:20 PM : root         : INFO     : test_enrollment_group_Test_09  : Execution Started >>
05/10/2023 01:04:38 PM : root         : INFO     : test_enrollment_group_Test_10  : Execution Started >>
05/10/2023 01:04:54 PM : root         : INFO     : test_enrollment_group_Test_11  : Execution Started >>
05/10/2023 01:05:08 PM : root         : INFO     : test_identify_enroll_Test_01  : Execution Started >>
05/10/2023 01:05:33 PM : root         : INFO     : test_identify_enroll_Test_02  : Execution Started >>
05/10/2023 01:06:07 PM : root         : INFO     : test_identify_enroll_Test_03  : Execution Started >>
05/10/2023 01:06:38 PM : root         : INFO     : test_identify_enroll_Test_04  : Execution Started >>
05/10/2023 01:07:08 PM : root         : INFO     : test_identify_enroll_Test_05  : Execution Started >>
05/10/2023 01:07:43 PM : root         : INFO     : test_identify_enroll_Test_06  : Execution Started >>
05/10/2023 01:08:22 PM : root         : INFO     : test_Login_Test_01  : Execution Started >>
05/10/2023 01:08:27 PM : root         : INFO     : test_Login_Test_02  : Execution Started >>
05/10/2023 01:08:31 PM : root         : INFO     : test_Login_Test_03  : Execution Started >>
05/10/2023 01:08:36 PM : root         : INFO     : test_Login_Test_04  : Execution Started >>
05/10/2023 01:08:45 PM : root         : INFO     : test_Login_Test_05  : Execution Started >>
05/10/2023 01:08:50 PM : root         : INFO     : test_notes_Test_01  : Execution Started >>
05/10/2023 01:09:04 PM : root         : INFO     : test_notes_Test_02  : Execution Started >>
05/10/2023 01:09:17 PM : root         : INFO     : test_notes_Test_03  : Execution Started >>
05/10/2023 01:09:36 PM : root         : INFO     : test_notes_Test_04  : Execution Started >>
05/10/2023 01:09:52 PM : root         : INFO     : test_Notification_Groups_Test_01  : Execution Started >>
05/10/2023 01:10:07 PM : root         : INFO     : test_Notification_Groups_Test_02  : Execution Started >>
05/10/2023 01:10:20 PM : root         : INFO     : test_Notification_Groups_Test_03  : Execution Started >>
05/10/2023 01:10:28 PM : root         : INFO     : test_Notification_Groups_Test_04  : Execution Started >>
05/10/2023 01:10:42 PM : root         : INFO     : test_Notification_Groups_Test_05  : Execution Started >>
05/10/2023 01:10:52 PM : root         : INFO     : test_Notification_Groups_Test_06  : Execution Started >>
05/10/2023 01:11:16 PM : root         : INFO     : test_Notification_Groups_Test_07  : Execution Started >>
05/10/2023 01:11:22 PM : root         : INFO     : test_Notification_Groups_Test_08  : Execution Started >>
05/10/2023 01:11:45 PM : root         : INFO     : test_Notification_Groups_Test_09  : Execution Started >>
05/10/2023 01:12:07 PM : root         : INFO     : test_Notification_Groups_Test_10  : Execution Started >>
05/10/2023 01:12:29 PM : root         : INFO     : test_Users_Test_01  : Execution Started >>
05/10/2023 01:12:51 PM : root         : INFO     : test_Users_Test_02  : Execution Started >>
05/10/2023 01:13:13 PM : root         : INFO     : test_Users_Test_03  : Execution Started >>
