10/10/2023 05:32:40 PM : root         : INFO     : test_Account_Test_01  : Execution Started >>
10/10/2023 05:32:48 PM : root         : INFO     : test_Account_Test_02  : Execution Started >>
10/10/2023 05:32:58 PM : root         : INFO     : test_Account_Test_03  : Execution Started >>
10/10/2023 05:33:07 PM : root         : INFO     : test_Account_Test_01  : Execution Started >>
10/10/2023 05:33:17 PM : root         : INFO     : test_Account_Test_02  : Execution Started >>
10/10/2023 05:33:30 PM : root         : INFO     : test_enrollment_group_Test_01  : Execution Started >>
10/10/2023 05:33:37 PM : root         : INFO     : test_enrollment_group_Test_02  : Execution Started >>
10/10/2023 05:33:45 PM : root         : INFO     : test_enrollment_group_Test_03  : Execution Started >>
10/10/2023 05:33:56 PM : root         : INFO     : test_enrollment_group_Test_04  : Execution Started >>
10/10/2023 05:34:08 PM : root         : INFO     : test_enrollment_group_Test_05  : Execution Started >>
10/10/2023 05:34:19 PM : root         : INFO     : test_enrollment_group_Test_06  : Execution Started >>
10/10/2023 05:34:34 PM : root         : INFO     : test_enrollment_group_Test_07  : Execution Started >>
10/10/2023 05:34:48 PM : root         : INFO     : test_enrollment_group_Test_08  : Execution Started >>
10/10/2023 05:35:04 PM : root         : INFO     : test_enrollment_group_Test_09  : Execution Started >>
10/10/2023 05:35:19 PM : root         : INFO     : test_enrollment_group_Test_10  : Execution Started >>
10/10/2023 05:35:32 PM : root         : INFO     : test_enrollment_group_Test_11  : Execution Started >>
10/10/2023 05:35:54 PM : root         : INFO     : test_identify_enroll_Test_01  : Execution Started >>
10/10/2023 05:36:23 PM : root         : INFO     : test_identify_enroll_Test_02  : Execution Started >>
10/10/2023 05:36:53 PM : root         : INFO     : test_identify_enroll_Test_03  : Execution Started >>
10/10/2023 05:37:23 PM : root         : INFO     : test_identify_enroll_Test_04  : Execution Started >>
10/10/2023 05:37:53 PM : root         : INFO     : test_identify_enroll_Test_05  : Execution Started >>
10/10/2023 05:38:25 PM : root         : INFO     : test_identify_enroll_Test_06  : Execution Started >>
10/10/2023 05:39:05 PM : root         : INFO     : test_identify_enroll_Test_07  : Execution Started >>
10/10/2023 05:40:02 PM : root         : INFO     : test_identify_enroll_Test_08  : Execution Started >>
10/10/2023 05:40:34 PM : root         : INFO     : test_identify_enroll_Test_09  : Execution Started >>
10/10/2023 05:41:06 PM : root         : INFO     : test_identify_enroll_Test_10  : Execution Started >>
10/10/2023 05:41:35 PM : root         : INFO     : test_identify_enroll_Test_11  : Execution Started >>
10/10/2023 05:42:14 PM : root         : INFO     : test_identify_enroll_Test_12  : Execution Started >>
10/10/2023 05:42:44 PM : root         : INFO     : test_Login_Test_01  : Execution Started >>
10/10/2023 05:42:49 PM : root         : INFO     : test_Login_Test_02  : Execution Started >>
10/10/2023 05:42:54 PM : root         : INFO     : test_Login_Test_03  : Execution Started >>
10/10/2023 05:43:00 PM : root         : INFO     : test_Login_Test_04  : Execution Started >>
10/10/2023 05:43:08 PM : root         : INFO     : test_Login_Test_05  : Execution Started >>
10/10/2023 05:43:13 PM : root         : INFO     : test_notes_Test_01  : Execution Started >>
10/10/2023 05:43:25 PM : root         : INFO     : test_notes_Test_02  : Execution Started >>
10/10/2023 05:43:41 PM : root         : INFO     : test_notes_Test_03  : Execution Started >>
10/10/2023 05:43:59 PM : root         : INFO     : test_notes_Test_04  : Execution Started >>
10/10/2023 05:44:15 PM : root         : INFO     : test_notes_Test_05  : Execution Started >>
10/10/2023 05:44:31 PM : root         : INFO     : test_notes_Test_06  : Execution Started >>
10/10/2023 05:44:49 PM : root         : INFO     : test_notes_Test_07  : Execution Started >>
10/10/2023 05:45:04 PM : root         : INFO     : test_notes_Test_08  : Execution Started >>
10/10/2023 05:45:24 PM : root         : INFO     : test_notes_Test_09  : Execution Started >>
10/10/2023 05:45:39 PM : root         : INFO     : test_notes_Test_10  : Execution Started >>
10/10/2023 05:45:58 PM : root         : INFO     : test_notes_Test_11  : Execution Started >>
10/10/2023 05:46:37 PM : root         : INFO     : test_Notification_Groups_Test_01  : Execution Started >>
10/10/2023 05:46:52 PM : root         : INFO     : test_Notification_Groups_Test_02  : Execution Started >>
10/10/2023 05:47:04 PM : root         : INFO     : test_Notification_Groups_Test_03  : Execution Started >>
10/10/2023 05:47:12 PM : root         : INFO     : test_Notification_Groups_Test_04  : Execution Started >>
10/10/2023 05:47:30 PM : root         : INFO     : test_Notification_Groups_Test_05  : Execution Started >>
10/10/2023 05:47:48 PM : root         : INFO     : test_Notification_Groups_Test_06  : Execution Started >>
10/10/2023 05:48:07 PM : root         : INFO     : test_Notification_Groups_Test_07  : Execution Started >>
10/10/2023 05:48:35 PM : root         : INFO     : test_Notification_Groups_Test_08  : Execution Started >>
10/10/2023 05:48:51 PM : root         : INFO     : test_Notification_Groups_Test_09  : Execution Started >>
10/10/2023 05:49:08 PM : root         : INFO     : test_Notification_Groups_Test_10  : Execution Started >>
10/10/2023 05:49:25 PM : root         : INFO     : test_Users_Test_01  : Execution Started >>
10/10/2023 05:49:39 PM : root         : INFO     : test_Users_Test_02  : Execution Started >>
10/10/2023 05:49:53 PM : root         : INFO     : test_Users_Test_03  : Execution Started >>
10/10/2023 05:50:10 PM : root         : INFO     : test_Users_Test_04  : Execution Started >>
10/10/2023 05:50:24 PM : root         : INFO     : test_Users_Test_06  : Execution Started >>
10/10/2023 05:50:37 PM : root         : INFO     : test_Users_Test_07  : Execution Started >>
10/10/2023 05:50:54 PM : root         : INFO     : test_Users_Test_08  : Execution Started >>
10/10/2023 05:51:19 PM : root         : INFO     : test_Users_Test_10  : Execution Started >>
10/10/2023 05:51:49 PM : root         : INFO     : test_Users_Test_11  : Execution Started >>
10/10/2023 05:51:55 PM : root         : INFO     : test_Users_Test_12  : Execution Started >>
10/10/2023 05:52:06 PM : root         : INFO     : test_Users_Test_13  : Execution Started >>
10/10/2023 05:52:15 PM : root         : INFO     : test_Users_Test_14  : Execution Started >>
10/10/2023 05:52:22 PM : root         : INFO     : test_Users_Test_15  : Execution Started >>
10/10/2023 05:52:29 PM : root         : INFO     : test_Users_Test_16  : Execution Started >>
10/10/2023 05:52:35 PM : root         : INFO     : test_Users_Test_17  : Execution Started >>
10/10/2023 05:52:45 PM : root         : INFO     : test_Users_Test_18  : Execution Started >>
10/10/2023 05:53:06 PM : root         : INFO     : test_Users_Test_19  : Execution Started >>
10/10/2023 05:53:24 PM : root         : INFO     : test_Zones_Test_01  : Execution Started >>
10/10/2023 05:53:31 PM : root         : INFO     : test_Zones_Test_01  : Execution Started >>
